battery_notification/proguard/seeds.txt
minggo.battery.BatteryService
minggo.battery.BatteryService: BatteryService()
minggo.battery.R$dimen: int activity_horizontal_margin
minggo.battery.R$dimen: int activity_vertical_margin
minggo.battery.R$drawable: int battery_1_bg_0
minggo.battery.R$drawable: int battery_1_bg_01
minggo.battery.R$drawable: int battery_1_bg_02
minggo.battery.R$drawable: int battery_1_bg_03
minggo.battery.R$drawable: int battery_1_bg_04
minggo.battery.R$drawable: int battery_1_bg_05
minggo.battery.R$drawable: int battery_1_bg_06
minggo.battery.R$drawable: int battery_1_bg_07
minggo.battery.R$drawable: int battery_1_bg_08
minggo.battery.R$drawable: int battery_1_bg_09
minggo.battery.R$drawable: int battery_1_bg_10
minggo.battery.R$drawable: int battery_1_bg_11
minggo.battery.R$drawable: int battery_1_bg_12
minggo.battery.R$drawable: int battery_1_bg_13
minggo.battery.R$drawable: int battery_1_bg_14
minggo.battery.R$drawable: int battery_1_bg_15
minggo.battery.R$drawable: int battery_1_bg_16
minggo.battery.R$drawable: int battery_1_bg_17
minggo.battery.R$drawable: int battery_1_bg_18
minggo.battery.R$drawable: int battery_1_bg_19
minggo.battery.R$drawable: int battery_1_bg_20
minggo.battery.R$drawable: int battery_1_bg_21
minggo.battery.R$drawable: int battery_1_bg_22
minggo.battery.R$drawable: int battery_1_bg_23
minggo.battery.R$drawable: int battery_1_bg_24
minggo.battery.R$drawable: int battery_1_bg_25
minggo.battery.R$drawable: int battery_1_bg_26
minggo.battery.R$drawable: int battery_1_bg_27
minggo.battery.R$drawable: int battery_1_bg_28
minggo.battery.R$drawable: int battery_1_bg_29
minggo.battery.R$drawable: int battery_1_bg_30
minggo.battery.R$id: int action_settings
minggo.battery.R$id: int adView
minggo.battery.R$id: int app_version_tv
minggo.battery.R$id: int battery_iv
minggo.battery.R$id: int cancel_ad_iv
minggo.battery.R$id: int changebt
minggo.battery.R$id: int content
minggo.battery.R$id: int exitapp
minggo.battery.R$id: int feelings_tv
minggo.battery.R$id: int game_shack_iv
minggo.battery.R$id: int low_power_bt
minggo.battery.R$id: int submitButton
minggo.battery.R$id: int textView1
minggo.battery.R$id: int zheng_sound_bt
minggo.battery.R$layout: int activity_main
minggo.battery.R$layout: int notification
minggo.battery.R$menu: int main
minggo.battery.R$string: int app_name
minggo.battery.R$string: int battery_low
minggo.battery.R$string: int exit
minggo.battery.R$string: int friday
minggo.battery.R$string: int minggo_battery
minggo.battery.R$string: int monday
minggo.battery.R$string: int saturday
minggo.battery.R$string: int shuai_dian_shu
minggo.battery.R$string: int shuai_jia_wu
minggo.battery.R$string: int shuai_yi_shuai
minggo.battery.R$string: int submit
minggo.battery.R$string: int sunday
minggo.battery.R$string: int thursday
minggo.battery.R$string: int time_alarm
minggo.battery.R$string: int tuestday
minggo.battery.R$string: int version
minggo.battery.R$string: int wednesday
minggo.battery.R$style: int AppBaseTheme
minggo.battery.R$style: int AppTheme
minggo.battery.activity.MainActivity
minggo.battery.activity.MainActivity: MainActivity()
minggo.battery.activity.MainActivity: void onClick(android.view.View)
minggo.battery.activity.MainActivity: void shake_activity_back(android.view.View)
minggo.battery.reciever.TurnOnReciever
minggo.battery.reciever.TurnOnReciever: TurnOnReciever()
...
android.support.v4.app.BackStackState
android.support.v4.app.BackStackState: android.os.Parcelable$Creator CREATOR
android.support.v4.app.Fragment$SavedState
android.support.v4.app.Fragment$SavedState: android.os.Parcelable$Creator CREATOR
android.support.v4.app.FragmentManagerState
android.support.v4.app.FragmentManagerState: android.os.Parcelable$Creator CREATOR
android.support.v4.app.FragmentState
android.support.v4.app.FragmentState: android.os.Parcelable$Creator CREATOR
android.support.v4.content.ModernAsyncTask$Status: android.support.v4.content.ModernAsyncTask$Status[] values()
android.support.v4.content.ModernAsyncTask$Status: android.support.v4.content.ModernAsyncTask$Status valueOf(java.lang.String)
android.support.v4.view.PagerTabStrip: void setTabIndicatorColor(int)
android.support.v4.view.PagerTabStrip: void setTabIndicatorColorResource(int)
android.support.v4.view.PagerTabStrip: int getTabIndicatorColor()
android.support.v4.view.PagerTabStrip: void setTextSpacing(int)
android.support.v4.view.PagerTabStrip: void setBackgroundDrawable(android.graphics.drawable.Drawable)
android.support.v4.view.PagerTabStrip: void setBackgroundColor(int)
android.support.v4.view.PagerTabStrip: void setBackgroundResource(int)
android.support.v4.view.PagerTabStrip: void setDrawFullUnderline(boolean)
android.support.v4.view.PagerTabStrip: boolean getDrawFullUnderline()
android.support.v4.view.PagerTabStrip: int getMinHeight()
android.support.v4.view.PagerTitleStrip: void setSingleLineAllCaps(android.widget.TextView)
android.support.v4.view.PagerTitleStrip: void setTextSpacing(int)
android.support.v4.view.PagerTitleStrip: int getTextSpacing()
android.support.v4.view.PagerTitleStrip: void setNonPrimaryAlpha(float)
android.support.v4.view.PagerTitleStrip: void setTextColor(int)
android.support.v4.view.PagerTitleStrip: void setGravity(int)
android.support.v4.view.PagerTitleStrip: int getMinHeight()
android.support.v4.view.ViewPager: void setScrollState(int)
android.support.v4.view.ViewPager: void setAdapter(android.support.v4.view.PagerAdapter)
android.support.v4.view.ViewPager: android.support.v4.view.PagerAdapter getAdapter()
android.support.v4.view.ViewPager: void setOnAdapterChangeListener(android.support.v4.view.ViewPager$OnAdapterChangeListener)
android.support.v4.view.ViewPager: void setCurrentItem(int)
android.support.v4.view.ViewPager: int getCurrentItem()
android.support.v4.view.ViewPager: void setOnPageChangeListener(android.support.v4.view.ViewPager$OnPageChangeListener)
android.support.v4.view.ViewPager: int getOffscreenPageLimit()
android.support.v4.view.ViewPager: void setOffscreenPageLimit(int)
android.support.v4.view.ViewPager: void setPageMargin(int)
android.support.v4.view.ViewPager: int getPageMargin()
android.support.v4.view.ViewPager: void setPageMarginDrawable(android.graphics.drawable.Drawable)
android.support.v4.view.ViewPager: void setPageMarginDrawable(int)
android.support.v4.view.ViewPager: void setScrollingCacheEnabled(boolean)
android.support.v4.view.ViewPager$SavedState
android.support.v4.view.ViewPager$SavedState: android.os.Parcelable$Creator CREATOR