battery_notification/proguard/mapping.txt
minggo.battery.BatteryService -> minggo.battery.BatteryService:
    android.app.NotificationManager notificationManager -> d
    android.app.Notification notification -> e
    android.widget.RemoteViews remoteViews -> f
    android.content.Context context -> g
    int[] image -> h
    int[] image1 -> i
    android.content.res.AssetManager asm -> j
    int cuurentLevel -> k
    minggo.battery.util.MinggoDate date -> l
    boolean lowPowerSoundFlag -> a
    boolean zhengSoundFlag -> b
    minggo.battery.reciever.TimeChangeReciever timeChangeReciever -> c
    android.content.BroadcastReceiver broadcastReceiver -> m
    void onCreate() -> onCreate
    void initImage() -> b
    java.lang.String getDayPrompt() -> a
    void initBattery() -> c
    void modifyBattery(int) -> a
    android.os.IBinder onBind(android.content.Intent) -> onBind
    void onDestroy() -> onDestroy
    void access$0(minggo.battery.BatteryService,int) -> a
minggo.battery.BatteryService$1 -> minggo.battery.a:
    int level -> a
    int scale -> b
    minggo.battery.BatteryService this$0 -> c
    void onReceive(android.content.Context,android.content.Intent) -> onReceive
minggo.battery.activity.MainActivity -> minggo.battery.activity.MainActivity:
    android.widget.TextView versionTips -> b
    android.widget.Button lowPowerbt -> c
    android.widget.Button timeSoundbt -> d
    android.widget.Button exitbt -> e
    android.widget.Button submitbt -> f
    android.widget.Button changebt -> g
    android.content.res.AssetManager assetManager -> a
    minggo.battery.util.ShakeListener mShakeListener -> h
    android.os.Vibrator mVibrator -> i
    android.widget.ImageView seZiiv -> j
    int i -> k
    int j -> l
    android.os.Handler hdl -> m
    boolean changejiawu -> n
    int[] sourceIds -> o
    int[] sourceIds2 -> p
    java.lang.String telephone -> q
    android.widget.ImageView cancelAdIv -> r
    com.baidu.mobads.AdView adView -> s
    void onCreate(android.os.Bundle) -> onCreate
    void initShock() -> a
    void onResume() -> onResume
    void onPause() -> onPause
    void onClick(android.view.View) -> onClick
    boolean onKeyDown(int,android.view.KeyEvent) -> onKeyDown
    boolean startVibrato() -> b
    void shake_activity_back(android.view.View) -> shake_activity_back
    void onDestroy() -> onDestroy
    com.baidu.mobads.AdView access$0(minggo.battery.activity.MainActivity) -> a
    android.os.Handler access$1(minggo.battery.activity.MainActivity) -> b
    android.widget.ImageView access$2(minggo.battery.activity.MainActivity) -> c
minggo.battery.activity.MainActivity$1 -> minggo.battery.activity.a:
    minggo.battery.activity.MainActivity this$0 -> a
    void onShake() -> a
    minggo.battery.activity.MainActivity access$0(minggo.battery.activity.MainActivity$1) -> a
minggo.battery.activity.MainActivity$1$1 -> minggo.battery.activity.b:
    minggo.battery.activity.MainActivity$1 this$1 -> a
    void run() -> run
minggo.battery.activity.MainActivity$1$2 -> minggo.battery.activity.c:
    minggo.battery.activity.MainActivity$1 this$1 -> a
    void run() -> run
minggo.battery.activity.MainActivity$1$3 -> minggo.battery.activity.d:
    minggo.battery.activity.MainActivity$1 this$1 -> a
    void run() -> run
minggo.battery.activity.MainActivity$AdListener -> minggo.battery.activity.e:
    minggo.battery.activity.MainActivity this$0 -> a
    void onAdReady(com.baidu.mobads.AdView) -> onAdReady
    void onAdClick(org.json.JSONObject) -> onAdClick
    void onAdSwitch() -> onAdSwitch
    minggo.battery.activity.MainActivity access$1(minggo.battery.activity.MainActivity$AdListener) -> a
minggo.battery.activity.MainActivity$AdListener$1 -> minggo.battery.activity.f:
    minggo.battery.activity.MainActivity$AdListener this$1 -> a
    void run() -> run
...
android.support.v4.os.ParcelableCompat -> android.support.v4.b.a:
    android.os.Parcelable$Creator newCreator(android.support.v4.os.ParcelableCompatCreatorCallbacks) -> a
android.support.v4.os.ParcelableCompat$CompatCreator -> android.support.v4.b.b:
    android.support.v4.os.ParcelableCompatCreatorCallbacks mCallbacks -> a
    java.lang.Object createFromParcel(android.os.Parcel) -> createFromParcel
    java.lang.Object[] newArray(int) -> newArray
android.support.v4.os.ParcelableCompatCreatorCallbacks -> android.support.v4.b.c:
    java.lang.Object createFromParcel(android.os.Parcel,java.lang.ClassLoader) -> a
    java.lang.Object[] newArray(int) -> a
android.support.v4.os.ParcelableCompatCreatorHoneycombMR2 -> android.support.v4.b.d:
    android.support.v4.os.ParcelableCompatCreatorCallbacks mCallbacks -> a
    java.lang.Object createFromParcel(android.os.Parcel) -> createFromParcel
    java.lang.Object createFromParcel(android.os.Parcel,java.lang.ClassLoader) -> createFromParcel
    java.lang.Object[] newArray(int) -> newArray
android.support.v4.os.ParcelableCompatCreatorHoneycombMR2Stub -> android.support.v4.b.e:
    android.os.Parcelable$Creator instantiate(android.support.v4.os.ParcelableCompatCreatorCallbacks) -> a
android.support.v4.util.DebugUtils -> android.support.v4.c.a:
    void buildShortClassTag(java.lang.Object,java.lang.StringBuilder) -> a
android.support.v4.util.LogWriter -> android.support.v4.c.b:
    java.lang.String mTag -> a
    java.lang.StringBuilder mBuilder -> b
    void close() -> close
    void flush() -> flush
    void write(char[],int,int) -> write
    void flushBuilder() -> a
android.support.v4.util.SparseArrayCompat -> android.support.v4.c.c:
    java.lang.Object DELETED -> a
    boolean mGarbage -> b
    int[] mKeys -> c
    java.lang.Object[] mValues -> d
    int mSize -> e
    java.lang.Object get(int) -> a
    java.lang.Object get(int,java.lang.Object) -> a
    void delete(int) -> b
    void remove(int) -> c
    void removeAt(int) -> d
    void gc() -> c
    void put(int,java.lang.Object) -> b
    int size() -> a
    int keyAt(int) -> e
    java.lang.Object valueAt(int) -> f
    void clear() -> b
    int binarySearch(int[],int,int,int) -> a
    int idealByteArraySize(int) -> g
    int idealIntArraySize(int) -> h
android.support.v4.view.KeyEventCompat -> android.support.v4.view.a:
    android.support.v4.view.KeyEventCompat$KeyEventVersionImpl IMPL -> a
    boolean hasModifiers(android.view.KeyEvent,int) -> a
    boolean hasNoModifiers(android.view.KeyEvent) -> a
android.support.v4.view.KeyEventCompat$BaseKeyEventVersionImpl -> android.support.v4.view.b:
    int metaStateFilterDirectionalModifiers(int,int,int,int,int) -> a
    int normalizeMetaState(int) -> a
    boolean metaStateHasModifiers(int,int) -> a
    boolean metaStateHasNoModifiers(int) -> b
android.support.v4.view.KeyEventCompat$HoneycombKeyEventVersionImpl -> android.support.v4.view.c:
    boolean metaStateHasModifiers(int,int) -> a
    boolean metaStateHasNoModifiers(int) -> b
android.support.v4.view.KeyEventCompat$KeyEventVersionImpl -> android.support.v4.view.d:
    boolean metaStateHasModifiers(int,int) -> a
    boolean metaStateHasNoModifiers(int) -> b
android.support.v4.view.KeyEventCompatHoneycomb -> android.support.v4.view.e:
    boolean metaStateHasModifiers(int,int) -> a
    boolean metaStateHasNoModifiers(int) -> a
android.support.v4.view.MotionEventCompat -> android.support.v4.view.f:
    android.support.v4.view.MotionEventCompat$MotionEventVersionImpl IMPL -> a
    int getActionIndex(android.view.MotionEvent) -> a
    int findPointerIndex(android.view.MotionEvent,int) -> a
    int getPointerId(android.view.MotionEvent,int) -> b
    float getX(android.view.MotionEvent,int) -> c
    float getY(android.view.MotionEvent,int) -> d