battery_notification/proguard/usage.txt
minggo.battery.BuildConfig
minggo.battery.R
minggo.battery.R$attr
minggo.battery.R$dimen
minggo.battery.R$drawable
minggo.battery.R$id
minggo.battery.R$layout
minggo.battery.R$menu
minggo.battery.R$string
minggo.battery.R$style
minggo.battery.listener.BaiduAdListenerAdapter
minggo.battery.util.MinggoDate:
    private static final long serialVersionUID
    45:45:public long getTimeOfLong()
    51:51:public int getYear()
    57:57:public int getMonth()
    63:63:public int getDay()
    70:70:public int getHour()
    90:90:public int getSeconds()
    104:130:public java.lang.String getWeek2str()
minggo.battery.util.PreferenceShareUtil:
    private static final java.lang.String USER_DATA
    private static final java.lang.String LOW_POWER_SOUND
    private static final java.lang.String ZHENG_TIME_SOUND
    11:11:public PreferenceShareUtil()
minggo.battery.util.ShakeListener:
    private static final int SPEED_SHRESHOLD
    private static final int UPTATE_INTERVAL_TIME
...
android.support.v4.view.ViewConfigurationCompat$BaseViewConfigurationVersionImpl
android.support.v4.view.ViewConfigurationCompat$FroyoViewConfigurationVersionImpl
android.support.v4.view.ViewConfigurationCompat$ViewConfigurationVersionImpl
android.support.v4.view.ViewConfigurationCompatFroyo
android.support.v4.view.ViewGroupCompat
android.support.v4.view.ViewGroupCompat$ViewGroupCompatIcsImpl
android.support.v4.view.ViewGroupCompat$ViewGroupCompatImpl
android.support.v4.view.ViewGroupCompat$ViewGroupCompatStubImpl
android.support.v4.view.ViewGroupCompatIcs
android.support.v4.view.ViewPager:
    private static final java.lang.String TAG
    private static final boolean DEBUG
    private static final boolean USE_CACHE
    private static final int DEFAULT_OFFSCREEN_PAGES
    private static final int MAX_SETTLE_DURATION
    private static final int MIN_DISTANCE_FOR_FLING
    private static final int DEFAULT_GUTTER_SIZE
    private boolean mIgnoreGutter
    private static final int INVALID_POINTER
    private static final int CLOSE_ENOUGH
    private long mFakeDragBeginTime
    public static final int SCROLL_STATE_IDLE
    public static final int SCROLL_STATE_DRAGGING
    public static final int SCROLL_STATE_SETTLING
    296:298:public ViewPager(android.content.Context)
    301:303:public ViewPager(android.content.Context,android.util.AttributeSet)
    306:330:void initViewPager()
    514:516:android.support.v4.view.ViewPager$OnPageChangeListener setInternalPageChangeListener(android.support.v4.view.ViewPager$OnPageChangeListener)
    638:639:void smoothScrollTo(int,int)
    2025:2041:public boolean beginFakeDrag()
    2051:2072:public void endFakeDrag()
    2082:2120:public void fakeDragBy(float)
    2132:2132:public boolean isFakeDragging()
    82:82:static synthetic android.support.v4.view.PagerAdapter access$100(android.support.v4.view.ViewPager)
    82:82:static synthetic int access$200(android.support.v4.view.ViewPager)
android.support.v4.view.ViewPager$MyAccessibilityDelegate
android.support.v4.view.ViewPager$SimpleOnPageChangeListener
android.support.v4.view.accessibility.AccessibilityEventCompat
android.support.v4.view.accessibility.AccessibilityEventCompat$AccessibilityEventIcsImpl
android.support.v4.view.accessibility.AccessibilityEventCompat$AccessibilityEventStubImpl
android.support.v4.view.accessibility.AccessibilityEventCompat$AccessibilityEventVersionImpl
android.support.v4.view.accessibility.AccessibilityEventCompatIcs
android.support.v4.view.accessibility.AccessibilityManagerCompat
android.support.v4.view.accessibility.AccessibilityManagerCompat$AccessibilityManagerIcsImpl
android.support.v4.view.accessibility.AccessibilityManagerCompat$AccessibilityManagerIcsImpl$1
android.support.v4.view.accessibility.AccessibilityManagerCompat$AccessibilityManagerStubImpl
android.support.v4.view.accessibility.AccessibilityManagerCompat$AccessibilityManagerVersionImpl
android.support.v4.view.accessibility.AccessibilityManagerCompat$AccessibilityStateChangeListenerCompat
android.support.v4.view.accessibility.AccessibilityManagerCompatIcs
android.support.v4.view.accessibility.AccessibilityManagerCompatIcs$1
android.support.v4.view.accessibility.AccessibilityManagerCompatIcs$AccessibilityStateChangeListenerBridge
android.support.v4.view.accessibility.AccessibilityNodeInfoCompat
android.support.v4.view.accessibility.AccessibilityNodeInfoCompat$AccessibilityNodeInfoIcsImpl
android.support.v4.view.accessibility.AccessibilityNodeInfoCompat$AccessibilityNodeInfoImpl
android.support.v4.view.accessibility.AccessibilityNodeInfoCompat$AccessibilityNodeInfoJellybeanImpl
android.support.v4.view.accessibility.AccessibilityNodeInfoCompat$AccessibilityNodeInfoStubImpl
android.support.v4.view.accessibility.AccessibilityNodeInfoCompatIcs
android.support.v4.view.accessibility.AccessibilityNodeInfoCompatJellyBean
android.support.v4.view.accessibility.AccessibilityNodeProviderCompat